<?xml version="1.0" encoding="UTF-8"?>
<!-- Generated by org.testng.reporters.JUnitReportReporter -->
<testsuite hostname="BLR1-LHP-N73106" failures="0" tests="1" name="com.poc.SaucewebsitePOC" time="12.707" errors="0" timestamp="2023-06-29T18:39:16 IST" skipped="0">
  <testcase classname="com.poc.SaucewebsitePOC" name="TS04_ValidateCartsWithSingleValue" time="12.707"/>
</testsuite> <!-- com.poc.SaucewebsitePOC -->
