<?xml version="1.0" encoding="UTF-8"?>
<!-- Generated by org.testng.reporters.JUnitReportReporter -->
<testsuite hostname="BLR1-LHP-N73106" failures="0" tests="1" name="com.poc.NewTest" time="56.494" errors="0" timestamp="2023-06-28T15:29:59 IST" skipped="0">
  <testcase classname="com.poc.NewTest" name="f" time="56.494"/>
</testsuite> <!-- com.poc.NewTest -->
