<?xml version="1.0" encoding="UTF-8"?>
<!-- Generated by org.testng.reporters.JUnitReportReporter -->
<testsuite hostname="BLR1-LHP-N73106" failures="0" tests="1" name="com.poc.Duplicate.SaucewebsitePOC2_InvalidLogin" time="4.710" errors="0" timestamp="2023-07-03T18:14:29 IST" skipped="0">
  <testcase classname="com.poc.Duplicate.SaucewebsitePOC2_InvalidLogin" name="TS02_InvalidLogin" time="4.710"/>
</testsuite> <!-- com.poc.Duplicate.SaucewebsitePOC2_InvalidLogin -->
