<?xml version="1.0" encoding="UTF-8"?>
<!-- Generated by org.testng.reporters.JUnitReportReporter -->
<testsuite hostname="BLR1-LHP-N73106" failures="0" tests="3" name="com.poc.SaucewebsitePOC2" time="14.649" errors="0" timestamp="2023-07-02T20:42:06 IST" skipped="0">
  <testcase classname="com.poc.SaucewebsitePOC2" name="TS02_ValidateCartPage" time="3.794"/>
  <testcase classname="com.poc.SaucewebsitePOC2" name="TS03_ValidateCartsWithSingleValue" time="3.926"/>
  <testcase classname="com.poc.SaucewebsitePOC2" name="TS01_EndToEnd" time="6.929"/>
</testsuite> <!-- com.poc.SaucewebsitePOC2 -->
