<?xml version="1.0" encoding="UTF-8"?>
<!-- Generated by org.testng.reporters.JUnitReportReporter -->
<testsuite hostname="BLR1-LHP-N73106" failures="0" tests="1" name="com.poc.SaucewebsitePOC2_InvalidLogin" time="4.205" errors="0" timestamp="2023-07-02T20:41:32 IST" skipped="0">
  <testcase classname="com.poc.SaucewebsitePOC2_InvalidLogin" name="TS02_InvalidLogin" time="4.205"/>
</testsuite> <!-- com.poc.SaucewebsitePOC2_InvalidLogin -->
