<?xml version="1.0" encoding="UTF-8"?>
<!-- Generated by org.testng.reporters.JUnitReportReporter -->
<testsuite hostname="BLR1-LHP-N73106" failures="0" tests="4" name="com.poc.Duplicate.ValidLogintoCheckout" time="26.122" errors="0" timestamp="2023-07-05T18:47:49 IST" skipped="0">
  <testcase classname="com.poc.Duplicate.ValidLogintoCheckout" name="TS02_ValidateCartPage" time="6.069"/>
  <testcase classname="com.poc.Duplicate.ValidLogintoCheckout" name="TS03_ValidateCartAfterRemovingProdut" time="5.866"/>
  <testcase classname="com.poc.Duplicate.ValidLogintoCheckout" name="TS04_InvalidLogin" time="5.359"/>
  <testcase classname="com.poc.Duplicate.ValidLogintoCheckout" name="TS01_ValidLogintoCheckout" time="8.828"/>
</testsuite> <!-- com.poc.Duplicate.ValidLogintoCheckout -->
