<?xml version="1.0" encoding="UTF-8"?>
<!-- Generated by org.testng.reporters.JUnitReportReporter -->
<testsuite hostname="BLR1-LHP-N73106" failures="0" tests="3" name="com.poc.Duplicate.SaucewebsitePOC2" time="20.602" errors="0" timestamp="2023-07-03T18:14:29 IST" skipped="0">
  <testcase classname="com.poc.Duplicate.SaucewebsitePOC2" name="TS01_EndToEnd" time="8.340"/>
  <testcase classname="com.poc.Duplicate.SaucewebsitePOC2" name="TS03_ValidateCartsWithSingleValue" time="6.913"/>
  <testcase classname="com.poc.Duplicate.SaucewebsitePOC2" name="TS02_ValidateCartPage" time="5.349"/>
</testsuite> <!-- com.poc.Duplicate.SaucewebsitePOC2 -->
