<?xml version="1.0" encoding="UTF-8"?>
<!-- Generated by org.testng.reporters.JUnitReportReporter -->
<testsuite hostname="BLR1-LHP-N73106" failures="0" tests="4" name="com.poc.Duplicate.ValidLogintoCheckout" time="27.349" errors="0" timestamp="2023-07-05T18:43:21 IST" skipped="0">
  <testcase classname="com.poc.Duplicate.ValidLogintoCheckout" name="TS04_InvalidLogin" time="6.788"/>
  <testcase classname="com.poc.Duplicate.ValidLogintoCheckout" name="TS01_ValidLogintoCheckout" time="7.021"/>
  <testcase classname="com.poc.Duplicate.ValidLogintoCheckout" name="TS02_ValidateCartPage" time="7.481"/>
  <testcase classname="com.poc.Duplicate.ValidLogintoCheckout" name="TS03_ValidateCartAfterRemovingProdut" time="6.059"/>
</testsuite> <!-- com.poc.Duplicate.ValidLogintoCheckout -->
